<?xml version="1.0" encoding="UTF-8"?>
<!-- Generated by org.testng.reporters.JUnitReportReporter -->
<testsuite hostname="DESKTOP-G4BA6O4" failures="0" tests="2" name="sample.app_testing" time="24.611" errors="0" timestamp="2020-06-16T20:14:19 IST" skipped="0">
  <testcase classname="sample.app_testing" name="splash_screen" time="15.055"/>
  <system-out/>
  <testcase classname="sample.app_testing" name="Login_via_Mobile_number" time="9.556"/>
  <system-out/>
</testsuite> <!-- sample.app_testing -->
