<?xml version="1.0" encoding="UTF-8"?>
<!-- Generated by org.testng.reporters.JUnitReportReporter -->
<testsuite hostname="DESKTOP-G4BA6O4" failures="0" tests="1" name="sample.Calculator" time="0.016" errors="0" timestamp="2020-06-15T15:22:20 IST" skipped="0">
  <testcase classname="sample.Calculator" name="f" time="0.016"/>
  <system-out/>
</testsuite> <!-- sample.Calculator -->
