<?xml version="1.0" encoding="UTF-8"?>
<!-- Generated by org.testng.reporters.JUnitReportReporter -->
<testsuite hostname="DESKTOP-0M79KVO" failures="0" tests="2" name="sample.app_testing" time="30.789" errors="0" timestamp="2020-06-17T15:09:41 GMT-07:00" skipped="0">
  <testcase classname="sample.app_testing" name="splash_screen" time="24.348"/>
  <system-out/>
  <testcase classname="sample.app_testing" name="Login_via_Mobile_number" time="6.441"/>
  <system-out/>
</testsuite> <!-- sample.app_testing -->
