<?xml version="1.0" encoding="UTF-8"?>
<!-- Generated by org.testng.reporters.JUnitReportReporter -->
<testsuite hostname="DESKTOP-G4BA6O4" failures="0" tests="2" name="sample.app_testing" time="19.408" errors="0" timestamp="2020-06-16T15:51:35 IST" skipped="0">
  <testcase classname="sample.app_testing" name="splash_screen" time="12.093"/>
  <system-out/>
  <testcase classname="sample.app_testing" name="Mobile_number" time="7.315"/>
  <system-out/>
</testsuite> <!-- sample.app_testing -->
