<?xml version="1.0" encoding="UTF-8"?>
<!-- Generated by org.testng.reporters.JUnitReportReporter -->
<testsuite hostname="DESKTOP-0M79KVO" failures="0" tests="3" name="sample.BookSlot" time="33.119" errors="0" timestamp="2020-06-17T18:41:27 GMT-07:00" skipped="0">
  <testcase classname="sample.BookSlot" name="splash_screen" time="24.135"/>
  <system-out/>
  <testcase classname="sample.BookSlot" name="Login_via_Mobile_number" time="6.932"/>
  <system-out/>
  <testcase classname="sample.BookSlot" name="OTP_PAGE" time="2.052"/>
  <system-out/>
</testsuite> <!-- sample.BookSlot -->
